# JRE version: Java(TM) SE Runtime Environment (8.0_261-b12) (build 1.8.0_261-b12)
# Java VM: Java HotSpot(TM) 64-Bit Server VM (25.261-b12 mixed mode windows-amd64 compressed oops)
Heap:
 PSYoungGen      total 262656K, used 112600K [0x00000000eb400000, 0x00000000fc580000, 0x0000000100000000)
  eden space 256512K, 42% used [0x00000000eb400000,0x00000000f1e90c60,0x00000000fae80000)
  from space 6144K, 56% used [0x00000000fbf80000,0x00000000fc2e55e8,0x00000000fc580000)
  to   space 11776K, 0% used [0x00000000fae80000,0x00000000fae80000,0x00000000fba00000)
 ParOldGen       total 45056K, used 18620K [0x00000000c1c00000, 0x00000000c4800000, 0x00000000eb400000)
  object space 45056K, 41% used [0x00000000c1c00000,0x00000000c2e2f058,0x00000000c4800000)
 Metaspace       used 35040K, capacity 36807K, committed 36952K, reserved 1081344K
  class space    used 4557K, capacity 4931K, committed 4992K, reserved 1048576K
GC Heap History (10 events):
Event: 32.134 GC heap before
{Heap before GC invocations=10 (full 1):
 PSYoungGen      total 126976K, used 126963K [0x00000000eb400000, 0x00000000f4100000, 0x0000000100000000)
  eden space 119296K, 100% used [0x00000000eb400000,0x00000000f2880000,0x00000000f2880000)
  from space 7680K, 99% used [0x00000000f3980000,0x00000000f40fcd70,0x00000000f4100000)
  to   space 10240K, 0% used [0x00000000f2d00000,0x00000000f2d00000,0x00000000f3700000)
 ParOldGen       total 32768K, used 12310K [0x00000000c1c00000, 0x00000000c3c00000, 0x00000000eb400000)
  object space 32768K, 37% used [0x00000000c1c00000,0x00000000c2805840,0x00000000c3c00000)
 Metaspace       used 32947K, capacity 34322K, committed 34560K, reserved 1079296K
  class space    used 4282K, capacity 4601K, committed 4608K, reserved 1048576K
Event: 32.153 GC heap after
Heap after GC invocations=10 (full 1):
 PSYoungGen      total 134144K, used 10217K [0x00000000eb400000, 0x00000000f7c00000, 0x0000000100000000)
  eden space 123904K, 0% used [0x00000000eb400000,0x00000000eb400000,0x00000000f2d00000)
  from space 10240K, 99% used [0x00000000f2d00000,0x00000000f36fa730,0x00000000f3700000)
  to   space 12800K, 0% used [0x00000000f6f80000,0x00000000f6f80000,0x00000000f7c00000)
 ParOldGen       total 32768K, used 15233K [0x00000000c1c00000, 0x00000000c3c00000, 0x00000000eb400000)
  object space 32768K, 46% used [0x00000000c1c00000,0x00000000c2ae0698,0x00000000c3c00000)
 Metaspace       used 32947K, capacity 34322K, committed 34560K, reserved 1079296K
  class space    used 4282K, capacity 4601K, committed 4608K, reserved 1048576K
}
Event: 32.313 GC heap before
{Heap before GC invocations=11 (full 1):
 PSYoungGen      total 134144K, used 19070K [0x00000000eb400000, 0x00000000f7c00000, 0x0000000100000000)
  eden space 123904K, 7% used [0x00000000eb400000,0x00000000ebca5238,0x00000000f2d00000)
  from space 10240K, 99% used [0x00000000f2d00000,0x00000000f36fa730,0x00000000f3700000)
  to   space 12800K, 0% used [0x00000000f6f80000,0x00000000f6f80000,0x00000000f7c00000)
 ParOldGen       total 32768K, used 15233K [0x00000000c1c00000, 0x00000000c3c00000, 0x00000000eb400000)
  object space 32768K, 46% used [0x00000000c1c00000,0x00000000c2ae0698,0x00000000c3c00000)
 Metaspace       used 33849K, capacity 35379K, committed 35416K, reserved 1079296K
  class space    used 4389K, capacity 4699K, committed 4736K, reserved 1048576K
Event: 32.327 GC heap after
Heap after GC invocations=11 (full 1):
 PSYoungGen      total 192512K, used 5213K [0x00000000eb400000, 0x00000000f8780000, 0x0000000100000000)
  eden space 179712K, 0% used [0x00000000eb400000,0x00000000eb400000,0x00000000f6380000)
  from space 12800K, 40% used [0x00000000f6f80000,0x00000000f7497790,0x00000000f7c00000)
  to   space 12288K, 0% used [0x00000000f6380000,0x00000000f6380000,0x00000000f6f80000)
 ParOldGen       total 32768K, used 19828K [0x00000000c1c00000, 0x00000000c3c00000, 0x00000000eb400000)
  object space 32768K, 60% used [0x00000000c1c00000,0x00000000c2f5d1a8,0x00000000c3c00000)
 Metaspace       used 33849K, capacity 35379K, committed 35416K, reserved 1079296K
  class space    used 4389K, capacity 4699K, committed 4736K, reserved 1048576K
}
Event: 32.328 GC heap before
{Heap before GC invocations=12 (full 2):
 PSYoungGen      total 192512K, used 5213K [0x00000000eb400000, 0x00000000f8780000, 0x0000000100000000)
  eden space 179712K, 0% used [0x00000000eb400000,0x00000000eb400000,0x00000000f6380000)
  from space 12800K, 40% used [0x00000000f6f80000,0x00000000f7497790,0x00000000f7c00000)
  to   space 12288K, 0% used [0x00000000f6380000,0x00000000f6380000,0x00000000f6f80000)
 ParOldGen       total 32768K, used 19828K [0x00000000c1c00000, 0x00000000c3c00000, 0x00000000eb400000)
  object space 32768K, 60% used [0x00000000c1c00000,0x00000000c2f5d1a8,0x00000000c3c00000)
 Metaspace       used 33849K, capacity 35379K, committed 35416K, reserved 1079296K
  class space    used 4389K, capacity 4699K, committed 4736K, reserved 1048576K
Event: 32.433 GC heap after
Heap after GC invocations=12 (full 2):
 PSYoungGen      total 192512K, used 0K [0x00000000eb400000, 0x00000000f8780000, 0x0000000100000000)
  eden space 179712K, 0% used [0x00000000eb400000,0x00000000eb400000,0x00000000f6380000)
  from space 12800K, 0% used [0x00000000f6f80000,0x00000000f6f80000,0x00000000f7c00000)
  to   space 12288K, 0% used [0x00000000f6380000,0x00000000f6380000,0x00000000f6f80000)
 ParOldGen       total 45056K, used 16593K [0x00000000c1c00000, 0x00000000c4800000, 0x00000000eb400000)
  object space 45056K, 36% used [0x00000000c1c00000,0x00000000c2c34508,0x00000000c4800000)
 Metaspace       used 33842K, capacity 35355K, committed 35416K, reserved 1079296K
  class space    used 4387K, capacity 4695K, committed 4736K, reserved 1048576K
}
Event: 1469.914 GC heap before
{Heap before GC invocations=13 (full 2):
 PSYoungGen      total 192512K, used 179712K [0x00000000eb400000, 0x00000000f8780000, 0x0000000100000000)
  eden space 179712K, 100% used [0x00000000eb400000,0x00000000f6380000,0x00000000f6380000)
  from space 12800K, 0% used [0x00000000f6f80000,0x00000000f6f80000,0x00000000f7c00000)
  to   space 12288K, 0% used [0x00000000f6380000,0x00000000f6380000,0x00000000f6f80000)
 ParOldGen       total 45056K, used 16593K [0x00000000c1c00000, 0x00000000c4800000, 0x00000000eb400000)
  object space 45056K, 36% used [0x00000000c1c00000,0x00000000c2c34508,0x00000000c4800000)
 Metaspace       used 34801K, capacity 36505K, committed 36696K, reserved 1081344K
  class space    used 4516K, capacity 4894K, committed 4992K, reserved 1048576K
Event: 1470.038 GC heap after
Heap after GC invocations=13 (full 2):
 PSYoungGen      total 192000K, used 5849K [0x00000000eb400000, 0x00000000fcb00000, 0x0000000100000000)
  eden space 179712K, 0% used [0x00000000eb400000,0x00000000eb400000,0x00000000f6380000)
  from space 12288K, 47% used [0x00000000f6380000,0x00000000f69366d0,0x00000000f6f80000)
  to   space 11776K, 0% used [0x00000000fbf80000,0x00000000fbf80000,0x00000000fcb00000)
 ParOldGen       total 45056K, used 16601K [0x00000000c1c00000, 0x00000000c4800000, 0x00000000eb400000)
  object space 45056K, 36% used [0x00000000c1c00000,0x00000000c2c36508,0x00000000c4800000)
 Metaspace       used 34801K, capacity 36505K, committed 36696K, reserved 1081344K
  class space    used 4516K, capacity 4894K, committed 4992K, reserved 1048576K
}
Event: 1506.413 GC heap before
{Heap before GC invocations=14 (full 2):
 PSYoungGen      total 192000K, used 185561K [0x00000000eb400000, 0x00000000fcb00000, 0x0000000100000000)
  eden space 179712K, 100% used [0x00000000eb400000,0x00000000f6380000,0x00000000f6380000)
  from space 12288K, 47% used [0x00000000f6380000,0x00000000f69366d0,0x00000000f6f80000)
  to   space 11776K, 0% used [0x00000000fbf80000,0x00000000fbf80000,0x00000000fcb00000)
 ParOldGen       total 45056K, used 16601K [0x00000000c1c00000, 0x00000000c4800000, 0x00000000eb400000)
  object space 45056K, 36% used [0x00000000c1c00000,0x00000000c2c36508,0x00000000c4800000)
 Metaspace       used 34956K, capacity 36713K, committed 36952K, reserved 1081344K
  class space    used 4549K, capacity 4926K, committed 4992K, reserved 1048576K
Event: 1506.449 GC heap after
Heap after GC invocations=14 (full 2):
 PSYoungGen      total 262656K, used 3477K [0x00000000eb400000, 0x00000000fc580000, 0x0000000100000000)
  eden space 256512K, 0% used [0x00000000eb400000,0x00000000eb400000,0x00000000fae80000)
  from space 6144K, 56% used [0x00000000fbf80000,0x00000000fc2e55e8,0x00000000fc580000)
  to   space 11776K, 0% used [0x00000000fae80000,0x00000000fae80000,0x00000000fba00000)
 ParOldGen       total 45056K, used 18620K [0x00000000c1c00000, 0x00000000c4800000, 0x00000000eb400000)
  object space 45056K, 41% used [0x00000000c1c00000,0x00000000c2e2f058,0x00000000c4800000)
 Metaspace       used 34956K, capacity 36713K, committed 36952K, reserved 1081344K
  class space    used 4549K, capacity 4926K, committed 4992K, reserved 1048576K
}

