# JRE version: Java(TM) SE Runtime Environment (15.0+36) (build 15+36-1562)
# Java VM: Java HotSpot(TM) 64-Bit Server VM (15+36-1562, mixed mode, sharing, tiered, compressed oops, parallel gc, windows-amd64)
GC Precious Log:
 CPUs: 4 total, 4 available
 Memory: 3982M
 Large Page Support: Disabled
 NUMA Support: Disabled
 Compressed Oops: Enabled (32-bit)
 Heap Min Capacity: 100M
 Heap Initial Capacity: 100M
 Heap Max Capacity: 1G
 Pre-touch: Disabled
 Parallel Workers: 4
Heap:
 PSYoungGen      total 17408K, used 1280K [0x00000000eab00000, 0x00000000ebe80000, 0x0000000100000000)
  eden space 15872K, 0% used [0x00000000eab00000,0x00000000eab00000,0x00000000eba80000)
  from space 1536K, 83% used [0x00000000eba80000,0x00000000ebbc0020,0x00000000ebc00000)
  to   space 2048K, 0% used [0x00000000ebc80000,0x00000000ebc80000,0x00000000ebe80000)
 ParOldGen       total 148992K, used 148083K [0x00000000c0000000, 0x00000000c9180000, 0x00000000eab00000)
  object space 148992K, 99% used [0x00000000c0000000,0x00000000c909cd00,0x00000000c9180000)
 Metaspace       used 75975K, capacity 79328K, committed 79656K, reserved 1120256K
  class space    used 7243K, capacity 8459K, committed 8576K, reserved 1048576K
GC Heap History (20 events):
Event: 853.182 GC heap after
{Heap after GC invocations=790 (full 22):
 PSYoungGen      total 17408K, used 820K [0x00000000eab00000, 0x00000000ec000000, 0x0000000100000000)
  eden space 16384K, 0% used [0x00000000eab00000,0x00000000eab00000,0x00000000ebb00000)
  from space 1024K, 80% used [0x00000000ebf00000,0x00000000ebfcd200,0x00000000ec000000)
  to   space 1024K, 0% used [0x00000000ebb00000,0x00000000ebb00000,0x00000000ebc00000)
 ParOldGen       total 148992K, used 143911K [0x00000000c0000000, 0x00000000c9180000, 0x00000000eab00000)
  object space 148992K, 96% used [0x00000000c0000000,0x00000000c8c89cf0,0x00000000c9180000)
 Metaspace       used 75923K, capacity 79264K, committed 79400K, reserved 1120256K
  class space    used 7243K, capacity 8459K, committed 8576K, reserved 1048576K
}
Event: 853.453 GC heap before
{Heap before GC invocations=791 (full 22):
 PSYoungGen      total 17408K, used 17204K [0x00000000eab00000, 0x00000000ec000000, 0x0000000100000000)
  eden space 16384K, 100% used [0x00000000eab00000,0x00000000ebb00000,0x00000000ebb00000)
  from space 1024K, 80% used [0x00000000ebf00000,0x00000000ebfcd200,0x00000000ec000000)
  to   space 1024K, 0% used [0x00000000ebb00000,0x00000000ebb00000,0x00000000ebc00000)
 ParOldGen       total 148992K, used 143911K [0x00000000c0000000, 0x00000000c9180000, 0x00000000eab00000)
  object space 148992K, 96% used [0x00000000c0000000,0x00000000c8c89cf0,0x00000000c9180000)
 Metaspace       used 75927K, capacity 79264K, committed 79400K, reserved 1120256K
  class space    used 7243K, capacity 8459K, committed 8576K, reserved 1048576K
}
Event: 853.457 GC heap after
{Heap after GC invocations=791 (full 22):
 PSYoungGen      total 17408K, used 666K [0x00000000eab00000, 0x00000000ebf80000, 0x0000000100000000)
  eden space 16384K, 0% used [0x00000000eab00000,0x00000000eab00000,0x00000000ebb00000)
  from space 1024K, 65% used [0x00000000ebb00000,0x00000000ebba6900,0x00000000ebc00000)
  to   space 1024K, 0% used [0x00000000ebe80000,0x00000000ebe80000,0x00000000ebf80000)
 ParOldGen       total 148992K, used 143911K [0x00000000c0000000, 0x00000000c9180000, 0x00000000eab00000)
  object space 148992K, 96% used [0x00000000c0000000,0x00000000c8c89cf0,0x00000000c9180000)
 Metaspace       used 75927K, capacity 79264K, committed 79400K, reserved 1120256K
  class space    used 7243K, capacity 8459K, committed 8576K, reserved 1048576K
}
Event: 853.976 GC heap before
{Heap before GC invocations=792 (full 22):
 PSYoungGen      total 17408K, used 17050K [0x00000000eab00000, 0x00000000ebf80000, 0x0000000100000000)
  eden space 16384K, 100% used [0x00000000eab00000,0x00000000ebb00000,0x00000000ebb00000)
  from space 1024K, 65% used [0x00000000ebb00000,0x00000000ebba6900,0x00000000ebc00000)
  to   space 1024K, 0% used [0x00000000ebe80000,0x00000000ebe80000,0x00000000ebf80000)
 ParOldGen       total 148992K, used 143911K [0x00000000c0000000, 0x00000000c9180000, 0x00000000eab00000)
  object space 148992K, 96% used [0x00000000c0000000,0x00000000c8c89cf0,0x00000000c9180000)
 Metaspace       used 75938K, capacity 79264K, committed 79400K, reserved 1120256K
  class space    used 7243K, capacity 8459K, committed 8576K, reserved 1048576K
}
Event: 853.978 GC heap after
{Heap after GC invocations=792 (full 22):
 PSYoungGen      total 17408K, used 900K [0x00000000eab00000, 0x00000000ebf80000, 0x0000000100000000)
  eden space 16384K, 0% used [0x00000000eab00000,0x00000000eab00000,0x00000000ebb00000)
  from space 1024K, 87% used [0x00000000ebe80000,0x00000000ebf61210,0x00000000ebf80000)
  to   space 1024K, 0% used [0x00000000ebb00000,0x00000000ebb00000,0x00000000ebc00000)
 ParOldGen       total 148992K, used 143919K [0x00000000c0000000, 0x00000000c9180000, 0x00000000eab00000)
  object space 148992K, 96% used [0x00000000c0000000,0x00000000c8c8bcf0,0x00000000c9180000)
 Metaspace       used 75938K, capacity 79264K, committed 79400K, reserved 1120256K
  class space    used 7243K, capacity 8459K, committed 8576K, reserved 1048576K
}
Event: 855.192 GC heap before
{Heap before GC invocations=793 (full 22):
 PSYoungGen      total 17408K, used 17284K [0x00000000eab00000, 0x00000000ebf80000, 0x0000000100000000)
  eden space 16384K, 100% used [0x00000000eab00000,0x00000000ebb00000,0x00000000ebb00000)
  from space 1024K, 87% used [0x00000000ebe80000,0x00000000ebf61210,0x00000000ebf80000)
  to   space 1024K, 0% used [0x00000000ebb00000,0x00000000ebb00000,0x00000000ebc00000)
 ParOldGen       total 148992K, used 143919K [0x00000000c0000000, 0x00000000c9180000, 0x00000000eab00000)
  object space 148992K, 96% used [0x00000000c0000000,0x00000000c8c8bcf0,0x00000000c9180000)
 Metaspace       used 75940K, capacity 79264K, committed 79400K, reserved 1120256K
  class space    used 7243K, capacity 8459K, committed 8576K, reserved 1048576K
}
Event: 855.195 GC heap after
{Heap after GC invocations=793 (full 22):
 PSYoungGen      total 17408K, used 1012K [0x00000000eab00000, 0x00000000ebf00000, 0x0000000100000000)
  eden space 16384K, 0% used [0x00000000eab00000,0x00000000eab00000,0x00000000ebb00000)
  from space 1024K, 98% used [0x00000000ebb00000,0x00000000ebbfd200,0x00000000ebc00000)
  to   space 1536K, 0% used [0x00000000ebd80000,0x00000000ebd80000,0x00000000ebf00000)
 ParOldGen       total 148992K, used 144023K [0x00000000c0000000, 0x00000000c9180000, 0x00000000eab00000)
  object space 148992K, 96% used [0x00000000c0000000,0x00000000c8ca5d10,0x00000000c9180000)
 Metaspace       used 75940K, capacity 79264K, committed 79400K, reserved 1120256K
  class space    used 7243K, capacity 8459K, committed 8576K, reserved 1048576K
}
Event: 855.275 GC heap before
{Heap before GC invocations=794 (full 22):
 PSYoungGen      total 17408K, used 17396K [0x00000000eab00000, 0x00000000ebf00000, 0x0000000100000000)
  eden space 16384K, 100% used [0x00000000eab00000,0x00000000ebb00000,0x00000000ebb00000)
  from space 1024K, 98% used [0x00000000ebb00000,0x00000000ebbfd200,0x00000000ebc00000)
  to   space 1536K, 0% used [0x00000000ebd80000,0x00000000ebd80000,0x00000000ebf00000)
 ParOldGen       total 148992K, used 144023K [0x00000000c0000000, 0x00000000c9180000, 0x00000000eab00000)
  object space 148992K, 96% used [0x00000000c0000000,0x00000000c8ca5d10,0x00000000c9180000)
 Metaspace       used 75942K, capacity 79328K, committed 79656K, reserved 1120256K
  class space    used 7243K, capacity 8459K, committed 8576K, reserved 1048576K
}
Event: 855.278 GC heap after
{Heap after GC invocations=794 (full 22):
 PSYoungGen      total 17920K, used 1533K [0x00000000eab00000, 0x00000000ebf00000, 0x0000000100000000)
  eden space 16384K, 0% used [0x00000000eab00000,0x00000000eab00000,0x00000000ebb00000)
  from space 1536K, 99% used [0x00000000ebd80000,0x00000000ebeff620,0x00000000ebf00000)
  to   space 2048K, 0% used [0x00000000ebb00000,0x00000000ebb00000,0x00000000ebd00000)
 ParOldGen       total 148992K, used 144391K [0x00000000c0000000, 0x00000000c9180000, 0x00000000eab00000)
  object space 148992K, 96% used [0x00000000c0000000,0x00000000c8d01d20,0x00000000c9180000)
 Metaspace       used 75942K, capacity 79328K, committed 79656K, reserved 1120256K
  class space    used 7243K, capacity 8459K, committed 8576K, reserved 1048576K
}
Event: 855.304 GC heap before
{Heap before GC invocations=795 (full 22):
 PSYoungGen      total 17920K, used 17917K [0x00000000eab00000, 0x00000000ebf00000, 0x0000000100000000)
  eden space 16384K, 100% used [0x00000000eab00000,0x00000000ebb00000,0x00000000ebb00000)
  from space 1536K, 99% used [0x00000000ebd80000,0x00000000ebeff620,0x00000000ebf00000)
  to   space 2048K, 0% used [0x00000000ebb00000,0x00000000ebb00000,0x00000000ebd00000)
 ParOldGen       total 148992K, used 144391K [0x00000000c0000000, 0x00000000c9180000, 0x00000000eab00000)
  object space 148992K, 96% used [0x00000000c0000000,0x00000000c8d01d20,0x00000000c9180000)
 Metaspace       used 75950K, capacity 79328K, committed 79656K, reserved 1120256K
  class space    used 7243K, capacity 8459K, committed 8576K, reserved 1048576K
}
Event: 855.309 GC heap after
{Heap after GC invocations=795 (full 22):
 PSYoungGen      total 18432K, used 2035K [0x00000000eab00000, 0x00000000ec100000, 0x0000000100000000)
  eden space 16384K, 0% used [0x00000000eab00000,0x00000000eab00000,0x00000000ebb00000)
  from space 2048K, 99% used [0x00000000ebb00000,0x00000000ebcfcd30,0x00000000ebd00000)
  to   space 3072K, 0% used [0x00000000ebe00000,0x00000000ebe00000,0x00000000ec100000)
 ParOldGen       total 148992K, used 144903K [0x00000000c0000000, 0x00000000c9180000, 0x00000000eab00000)
  object space 148992K, 97% used [0x00000000c0000000,0x00000000c8d81f70,0x00000000c9180000)
 Metaspace       used 75950K, capacity 79328K, committed 79656K, reserved 1120256K
  class space    used 7243K, capacity 8459K, committed 8576K, reserved 1048576K
}
Event: 855.598 GC heap before
{Heap before GC invocations=796 (full 22):
 PSYoungGen      total 18432K, used 18419K [0x00000000eab00000, 0x00000000ec100000, 0x0000000100000000)
  eden space 16384K, 100% used [0x00000000eab00000,0x00000000ebb00000,0x00000000ebb00000)
  from space 2048K, 99% used [0x00000000ebb00000,0x00000000ebcfcd30,0x00000000ebd00000)
  to   space 3072K, 0% used [0x00000000ebe00000,0x00000000ebe00000,0x00000000ec100000)
 ParOldGen       total 148992K, used 144903K [0x00000000c0000000, 0x00000000c9180000, 0x00000000eab00000)
  object space 148992K, 97% used [0x00000000c0000000,0x00000000c8d81f70,0x00000000c9180000)
 Metaspace       used 75954K, capacity 79328K, committed 79656K, reserved 1120256K
  class space    used 7243K, capacity 8459K, committed 8576K, reserved 1048576K
}
Event: 855.603 GC heap after
{Heap after GC invocations=796 (full 22):
 PSYoungGen      total 18944K, used 2515K [0x00000000eab00000, 0x00000000ec080000, 0x0000000100000000)
  eden space 16384K, 0% used [0x00000000eab00000,0x00000000eab00000,0x00000000ebb00000)
  from space 2560K, 98% used [0x00000000ebe00000,0x00000000ec074d50,0x00000000ec080000)
  to   space 2560K, 0% used [0x00000000ebb80000,0x00000000ebb80000,0x00000000ebe00000)
 ParOldGen       total 148992K, used 145560K [0x00000000c0000000, 0x00000000c9180000, 0x00000000eab00000)
  object space 148992K, 97% used [0x00000000c0000000,0x00000000c8e263b0,0x00000000c9180000)
 Metaspace       used 75954K, capacity 79328K, committed 79656K, reserved 1120256K
  class space    used 7243K, capacity 8459K, committed 8576K, reserved 1048576K
}
Event: 855.641 GC heap before
{Heap before GC invocations=797 (full 22):
 PSYoungGen      total 18944K, used 18899K [0x00000000eab00000, 0x00000000ec080000, 0x0000000100000000)
  eden space 16384K, 100% used [0x00000000eab00000,0x00000000ebb00000,0x00000000ebb00000)
  from space 2560K, 98% used [0x00000000ebe00000,0x00000000ec074d50,0x00000000ec080000)
  to   space 2560K, 0% used [0x00000000ebb80000,0x00000000ebb80000,0x00000000ebe00000)
 ParOldGen       total 148992K, used 145560K [0x00000000c0000000, 0x00000000c9180000, 0x00000000eab00000)
  object space 148992K, 97% used [0x00000000c0000000,0x00000000c8e263b0,0x00000000c9180000)
 Metaspace       used 75966K, capacity 79328K, committed 79656K, reserved 1120256K
  class space    used 7243K, capacity 8459K, committed 8576K, reserved 1048576K
}
Event: 855.646 GC heap after
{Heap after GC invocations=797 (full 22):
 PSYoungGen      total 18944K, used 2355K [0x00000000eab00000, 0x00000000ec000000, 0x0000000100000000)
  eden space 16384K, 0% used [0x00000000eab00000,0x00000000eab00000,0x00000000ebb00000)
  from space 2560K, 92% used [0x00000000ebb80000,0x00000000ebdccd70,0x00000000ebe00000)
  to   space 2048K, 0% used [0x00000000ebe00000,0x00000000ebe00000,0x00000000ec000000)
 ParOldGen       total 148992K, used 145560K [0x00000000c0000000, 0x00000000c9180000, 0x00000000eab00000)
  object space 148992K, 97% used [0x00000000c0000000,0x00000000c8e263b0,0x00000000c9180000)
 Metaspace       used 75966K, capacity 79328K, committed 79656K, reserved 1120256K
  class space    used 7243K, capacity 8459K, committed 8576K, reserved 1048576K
}
Event: 855.676 GC heap before
{Heap before GC invocations=798 (full 22):
 PSYoungGen      total 18944K, used 18739K [0x00000000eab00000, 0x00000000ec000000, 0x0000000100000000)
  eden space 16384K, 100% used [0x00000000eab00000,0x00000000ebb00000,0x00000000ebb00000)
  from space 2560K, 92% used [0x00000000ebb80000,0x00000000ebdccd70,0x00000000ebe00000)
  to   space 2048K, 0% used [0x00000000ebe00000,0x00000000ebe00000,0x00000000ec000000)
 ParOldGen       total 148992K, used 145560K [0x00000000c0000000, 0x00000000c9180000, 0x00000000eab00000)
  object space 148992K, 97% used [0x00000000c0000000,0x00000000c8e263b0,0x00000000c9180000)
 Metaspace       used 75968K, capacity 79328K, committed 79656K, reserved 1120256K
  class space    used 7243K, capacity 8459K, committed 8576K, reserved 1048576K
}
Event: 855.681 GC heap after
{Heap after GC invocations=798 (full 22):
 PSYoungGen      total 17920K, used 2036K [0x00000000eab00000, 0x00000000ec200000, 0x0000000100000000)
  eden space 15872K, 0% used [0x00000000eab00000,0x00000000eab00000,0x00000000eba80000)
  from space 2048K, 99% used [0x00000000ebe00000,0x00000000ebffd220,0x00000000ec000000)
  to   space 3584K, 0% used [0x00000000eba80000,0x00000000eba80000,0x00000000ebe00000)
 ParOldGen       total 148992K, used 146758K [0x00000000c0000000, 0x00000000c9180000, 0x00000000eab00000)
  object space 148992K, 98% used [0x00000000c0000000,0x00000000c8f51a90,0x00000000c9180000)
 Metaspace       used 75968K, capacity 79328K, committed 79656K, reserved 1120256K
  class space    used 7243K, capacity 8459K, committed 8576K, reserved 1048576K
}
Event: 855.916 GC heap before
{Heap before GC invocations=799 (full 22):
 PSYoungGen      total 17920K, used 17908K [0x00000000eab00000, 0x00000000ec200000, 0x0000000100000000)
  eden space 15872K, 100% used [0x00000000eab00000,0x00000000eba80000,0x00000000eba80000)
  from space 2048K, 99% used [0x00000000ebe00000,0x00000000ebffd220,0x00000000ec000000)
  to   space 3584K, 0% used [0x00000000eba80000,0x00000000eba80000,0x00000000ebe00000)
 ParOldGen       total 148992K, used 146758K [0x00000000c0000000, 0x00000000c9180000, 0x00000000eab00000)
  object space 148992K, 98% used [0x00000000c0000000,0x00000000c8f51a90,0x00000000c9180000)
 Metaspace       used 75975K, capacity 79328K, committed 79656K, reserved 1120256K
  class space    used 7243K, capacity 8459K, committed 8576K, reserved 1048576K
}
Event: 855.921 GC heap after
{Heap after GC invocations=799 (full 22):
 PSYoungGen      total 17408K, used 1280K [0x00000000eab00000, 0x00000000ebe80000, 0x0000000100000000)
  eden space 15872K, 0% used [0x00000000eab00000,0x00000000eab00000,0x00000000eba80000)
  from space 1536K, 83% used [0x00000000eba80000,0x00000000ebbc0020,0x00000000ebc00000)
  to   space 2048K, 0% used [0x00000000ebc80000,0x00000000ebc80000,0x00000000ebe80000)
 ParOldGen       total 148992K, used 148083K [0x00000000c0000000, 0x00000000c9180000, 0x00000000eab00000)
  object space 148992K, 99% used [0x00000000c0000000,0x00000000c909cd00,0x00000000c9180000)
 Metaspace       used 75975K, capacity 79328K, committed 79656K, reserved 1120256K
  class space    used 7243K, capacity 8459K, committed 8576K, reserved 1048576K
}
Event: 855.921 GC heap before
{Heap before GC invocations=800 (full 23):
 PSYoungGen      total 17408K, used 1280K [0x00000000eab00000, 0x00000000ebe80000, 0x0000000100000000)
  eden space 15872K, 0% used [0x00000000eab00000,0x00000000eab00000,0x00000000eba80000)
  from space 1536K, 83% used [0x00000000eba80000,0x00000000ebbc0020,0x00000000ebc00000)
  to   space 2048K, 0% used [0x00000000ebc80000,0x00000000ebc80000,0x00000000ebe80000)
 ParOldGen       total 148992K, used 148083K [0x00000000c0000000, 0x00000000c9180000, 0x00000000eab00000)
  object space 148992K, 99% used [0x00000000c0000000,0x00000000c909cd00,0x00000000c9180000)
 Metaspace       used 75975K, capacity 79328K, committed 79656K, reserved 1120256K
  class space    used 7243K, capacity 8459K, committed 8576K, reserved 1048576K
}

