# JRE version: Java(TM) SE Runtime Environment (15.0+36) (build 15+36-1562)
# Java VM: Java HotSpot(TM) 64-Bit Server VM (15+36-1562, mixed mode, sharing, tiered, compressed oops, parallel gc, windows-amd64)
GC Precious Log:
 CPUs: 4 total, 4 available
 Memory: 3982M
 Large Page Support: Disabled
 NUMA Support: Disabled
 Compressed Oops: Enabled (32-bit)
 Heap Min Capacity: 100M
 Heap Initial Capacity: 100M
 Heap Max Capacity: 1G
 Pre-touch: Disabled
 Parallel Workers: 4
Heap:
 PSYoungGen      total 12288K, used 8183K [0x00000000eab00000, 0x00000000ec800000, 0x0000000100000000)
  eden space 4096K, 0% used [0x00000000eab00000,0x00000000eab00000,0x00000000eaf00000)
  from space 8192K, 99% used [0x00000000eb000000,0x00000000eb7fdc58,0x00000000eb800000)
  to   space 12800K, 0% used [0x00000000ebb80000,0x00000000ebb80000,0x00000000ec800000)
 ParOldGen       total 145920K, used 144067K [0x00000000c0000000, 0x00000000c8e80000, 0x00000000eab00000)
  object space 145920K, 98% used [0x00000000c0000000,0x00000000c8cb0e08,0x00000000c8e80000)
 Metaspace       used 83626K, capacity 86774K, committed 86936K, reserved 1128448K
  class space    used 7715K, capacity 8878K, committed 8960K, reserved 1048576K
GC Heap History (20 events):
Event: 1797.519 GC heap after
{Heap after GC invocations=5596 (full 156):
 PSYoungGen      total 7168K, used 2720K [0x00000000eab00000, 0x00000000eb500000, 0x0000000100000000)
  eden space 4096K, 0% used [0x00000000eab00000,0x00000000eab00000,0x00000000eaf00000)
  from space 3072K, 88% used [0x00000000eb200000,0x00000000eb4a8000,0x00000000eb500000)
  to   space 3072K, 0% used [0x00000000eaf00000,0x00000000eaf00000,0x00000000eb200000)
 ParOldGen       total 145920K, used 133910K [0x00000000c0000000, 0x00000000c8e80000, 0x00000000eab00000)
  object space 145920K, 91% used [0x00000000c0000000,0x00000000c82c5b98,0x00000000c8e80000)
 Metaspace       used 83539K, capacity 86774K, committed 86936K, reserved 1128448K
  class space    used 7715K, capacity 8878K, committed 8960K, reserved 1048576K
}
Event: 1797.557 GC heap before
{Heap before GC invocations=5597 (full 156):
 PSYoungGen      total 7168K, used 6816K [0x00000000eab00000, 0x00000000eb500000, 0x0000000100000000)
  eden space 4096K, 100% used [0x00000000eab00000,0x00000000eaf00000,0x00000000eaf00000)
  from space 3072K, 88% used [0x00000000eb200000,0x00000000eb4a8000,0x00000000eb500000)
  to   space 3072K, 0% used [0x00000000eaf00000,0x00000000eaf00000,0x00000000eb200000)
 ParOldGen       total 145920K, used 133910K [0x00000000c0000000, 0x00000000c8e80000, 0x00000000eab00000)
  object space 145920K, 91% used [0x00000000c0000000,0x00000000c82c5b98,0x00000000c8e80000)
 Metaspace       used 83550K, capacity 86774K, committed 86936K, reserved 1128448K
  class space    used 7715K, capacity 8878K, committed 8960K, reserved 1048576K
}
Event: 1797.563 GC heap after
{Heap after GC invocations=5597 (full 156):
 PSYoungGen      total 7168K, used 3072K [0x00000000eab00000, 0x00000000eb780000, 0x0000000100000000)
  eden space 4096K, 0% used [0x00000000eab00000,0x00000000eab00000,0x00000000eaf00000)
  from space 3072K, 100% used [0x00000000eaf00000,0x00000000eb200000,0x00000000eb200000)
  to   space 4096K, 0% used [0x00000000eb380000,0x00000000eb380000,0x00000000eb780000)
 ParOldGen       total 145920K, used 134577K [0x00000000c0000000, 0x00000000c8e80000, 0x00000000eab00000)
  object space 145920K, 92% used [0x00000000c0000000,0x00000000c836c550,0x00000000c8e80000)
 Metaspace       used 83550K, capacity 86774K, committed 86936K, reserved 1128448K
  class space    used 7715K, capacity 8878K, committed 8960K, reserved 1048576K
}
Event: 1797.611 GC heap before
{Heap before GC invocations=5598 (full 156):
 PSYoungGen      total 7168K, used 7160K [0x00000000eab00000, 0x00000000eb780000, 0x0000000100000000)
  eden space 4096K, 99% used [0x00000000eab00000,0x00000000eaefe2b0,0x00000000eaf00000)
  from space 3072K, 100% used [0x00000000eaf00000,0x00000000eb200000,0x00000000eb200000)
  to   space 4096K, 0% used [0x00000000eb380000,0x00000000eb380000,0x00000000eb780000)
 ParOldGen       total 145920K, used 134577K [0x00000000c0000000, 0x00000000c8e80000, 0x00000000eab00000)
  object space 145920K, 92% used [0x00000000c0000000,0x00000000c836c550,0x00000000c8e80000)
 Metaspace       used 83550K, capacity 86774K, committed 86936K, reserved 1128448K
  class space    used 7715K, capacity 8878K, committed 8960K, reserved 1048576K
}
Event: 1797.618 GC heap after
{Heap after GC invocations=5598 (full 156):
 PSYoungGen      total 7680K, used 2800K [0x00000000eab00000, 0x00000000eb680000, 0x0000000100000000)
  eden space 4608K, 0% used [0x00000000eab00000,0x00000000eab00000,0x00000000eaf80000)
  from space 3072K, 91% used [0x00000000eb380000,0x00000000eb63c010,0x00000000eb680000)
  to   space 3584K, 0% used [0x00000000eaf80000,0x00000000eaf80000,0x00000000eb300000)
 ParOldGen       total 145920K, used 135769K [0x00000000c0000000, 0x00000000c8e80000, 0x00000000eab00000)
  object space 145920K, 93% used [0x00000000c0000000,0x00000000c8496550,0x00000000c8e80000)
 Metaspace       used 83550K, capacity 86774K, committed 86936K, reserved 1128448K
  class space    used 7715K, capacity 8878K, committed 8960K, reserved 1048576K
}
Event: 1797.679 GC heap before
{Heap before GC invocations=5599 (full 156):
 PSYoungGen      total 7680K, used 7407K [0x00000000eab00000, 0x00000000eb680000, 0x0000000100000000)
  eden space 4608K, 99% used [0x00000000eab00000,0x00000000eaf7ffc0,0x00000000eaf80000)
  from space 3072K, 91% used [0x00000000eb380000,0x00000000eb63c010,0x00000000eb680000)
  to   space 3584K, 0% used [0x00000000eaf80000,0x00000000eaf80000,0x00000000eb300000)
 ParOldGen       total 145920K, used 135769K [0x00000000c0000000, 0x00000000c8e80000, 0x00000000eab00000)
  object space 145920K, 93% used [0x00000000c0000000,0x00000000c8496550,0x00000000c8e80000)
 Metaspace       used 83558K, capacity 86774K, committed 86936K, reserved 1128448K
  class space    used 7715K, capacity 8878K, committed 8960K, reserved 1048576K
}
Event: 1797.687 GC heap after
{Heap after GC invocations=5599 (full 156):
 PSYoungGen      total 8192K, used 3536K [0x00000000eab00000, 0x00000000eb800000, 0x0000000100000000)
  eden space 4608K, 0% used [0x00000000eab00000,0x00000000eab00000,0x00000000eaf80000)
  from space 3584K, 98% used [0x00000000eaf80000,0x00000000eb2f4010,0x00000000eb300000)
  to   space 4096K, 0% used [0x00000000eb400000,0x00000000eb400000,0x00000000eb800000)
 ParOldGen       total 145920K, used 135769K [0x00000000c0000000, 0x00000000c8e80000, 0x00000000eab00000)
  object space 145920K, 93% used [0x00000000c0000000,0x00000000c8496550,0x00000000c8e80000)
 Metaspace       used 83558K, capacity 86774K, committed 86936K, reserved 1128448K
  class space    used 7715K, capacity 8878K, committed 8960K, reserved 1048576K
}
Event: 1798.986 GC heap before
{Heap before GC invocations=5600 (full 156):
 PSYoungGen      total 8192K, used 8030K [0x00000000eab00000, 0x00000000eb800000, 0x0000000100000000)
  eden space 4608K, 97% used [0x00000000eab00000,0x00000000eaf63990,0x00000000eaf80000)
  from space 3584K, 98% used [0x00000000eaf80000,0x00000000eb2f4010,0x00000000eb300000)
  to   space 4096K, 0% used [0x00000000eb400000,0x00000000eb400000,0x00000000eb800000)
 ParOldGen       total 145920K, used 135769K [0x00000000c0000000, 0x00000000c8e80000, 0x00000000eab00000)
  object space 145920K, 93% used [0x00000000c0000000,0x00000000c8496550,0x00000000c8e80000)
 Metaspace       used 83612K, capacity 86774K, committed 86936K, reserved 1128448K
  class space    used 7715K, capacity 8878K, committed 8960K, reserved 1048576K
}
Event: 1798.992 GC heap after
{Heap after GC invocations=5600 (full 156):
 PSYoungGen      total 8704K, used 4064K [0x00000000eab00000, 0x00000000eb880000, 0x0000000100000000)
  eden space 4608K, 0% used [0x00000000eab00000,0x00000000eab00000,0x00000000eaf80000)
  from space 4096K, 99% used [0x00000000eb400000,0x00000000eb7f8020,0x00000000eb800000)
  to   space 4608K, 0% used [0x00000000eaf80000,0x00000000eaf80000,0x00000000eb400000)
 ParOldGen       total 145920K, used 135777K [0x00000000c0000000, 0x00000000c8e80000, 0x00000000eab00000)
  object space 145920K, 93% used [0x00000000c0000000,0x00000000c8498550,0x00000000c8e80000)
 Metaspace       used 83612K, capacity 86774K, committed 86936K, reserved 1128448K
  class space    used 7715K, capacity 8878K, committed 8960K, reserved 1048576K
}
Event: 2081.967 GC heap before
{Heap before GC invocations=5601 (full 156):
 PSYoungGen      total 8704K, used 8672K [0x00000000eab00000, 0x00000000eb880000, 0x0000000100000000)
  eden space 4608K, 100% used [0x00000000eab00000,0x00000000eaf80000,0x00000000eaf80000)
  from space 4096K, 99% used [0x00000000eb400000,0x00000000eb7f8020,0x00000000eb800000)
  to   space 4608K, 0% used [0x00000000eaf80000,0x00000000eaf80000,0x00000000eb400000)
 ParOldGen       total 145920K, used 135777K [0x00000000c0000000, 0x00000000c8e80000, 0x00000000eab00000)
  object space 145920K, 93% used [0x00000000c0000000,0x00000000c8498550,0x00000000c8e80000)
 Metaspace       used 83621K, capacity 86774K, committed 86936K, reserved 1128448K
  class space    used 7715K, capacity 8878K, committed 8960K, reserved 1048576K
}
Event: 2081.987 GC heap after
{Heap after GC invocations=5601 (full 156):
 PSYoungGen      total 9216K, used 4176K [0x00000000eab00000, 0x00000000eb880000, 0x0000000100000000)
  eden space 4608K, 0% used [0x00000000eab00000,0x00000000eab00000,0x00000000eaf80000)
  from space 4608K, 90% used [0x00000000eaf80000,0x00000000eb394030,0x00000000eb400000)
  to   space 4608K, 0% used [0x00000000eb400000,0x00000000eb400000,0x00000000eb880000)
 ParOldGen       total 145920K, used 135777K [0x00000000c0000000, 0x00000000c8e80000, 0x00000000eab00000)
  object space 145920K, 93% used [0x00000000c0000000,0x00000000c8498550,0x00000000c8e80000)
 Metaspace       used 83621K, capacity 86774K, committed 86936K, reserved 1128448K
  class space    used 7715K, capacity 8878K, committed 8960K, reserved 1048576K
}
Event: 5684.414 GC heap before
{Heap before GC invocations=5602 (full 156):
 PSYoungGen      total 9216K, used 8784K [0x00000000eab00000, 0x00000000eb880000, 0x0000000100000000)
  eden space 4608K, 100% used [0x00000000eab00000,0x00000000eaf80000,0x00000000eaf80000)
  from space 4608K, 90% used [0x00000000eaf80000,0x00000000eb394030,0x00000000eb400000)
  to   space 4608K, 0% used [0x00000000eb400000,0x00000000eb400000,0x00000000eb880000)
 ParOldGen       total 145920K, used 135777K [0x00000000c0000000, 0x00000000c8e80000, 0x00000000eab00000)
  object space 145920K, 93% used [0x00000000c0000000,0x00000000c8498550,0x00000000c8e80000)
 Metaspace       used 83626K, capacity 86774K, committed 86936K, reserved 1128448K
  class space    used 7715K, capacity 8878K, committed 8960K, reserved 1048576K
}
Event: 5684.572 GC heap after
{Heap after GC invocations=5602 (full 156):
 PSYoungGen      total 8704K, used 4548K [0x00000000eab00000, 0x00000000eb980000, 0x0000000100000000)
  eden space 4096K, 0% used [0x00000000eab00000,0x00000000eab00000,0x00000000eaf00000)
  from space 4608K, 98% used [0x00000000eb400000,0x00000000eb871230,0x00000000eb880000)
  to   space 5120K, 0% used [0x00000000eaf00000,0x00000000eaf00000,0x00000000eb400000)
 ParOldGen       total 145920K, used 135777K [0x00000000c0000000, 0x00000000c8e80000, 0x00000000eab00000)
  object space 145920K, 93% used [0x00000000c0000000,0x00000000c8498550,0x00000000c8e80000)
 Metaspace       used 83626K, capacity 86774K, committed 86936K, reserved 1128448K
  class space    used 7715K, capacity 8878K, committed 8960K, reserved 1048576K
}
Event: 5684.684 GC heap before
{Heap before GC invocations=5603 (full 156):
 PSYoungGen      total 8704K, used 8644K [0x00000000eab00000, 0x00000000eb980000, 0x0000000100000000)
  eden space 4096K, 99% used [0x00000000eab00000,0x00000000eaefff98,0x00000000eaf00000)
  from space 4608K, 98% used [0x00000000eb400000,0x00000000eb871230,0x00000000eb880000)
  to   space 5120K, 0% used [0x00000000eaf00000,0x00000000eaf00000,0x00000000eb400000)
 ParOldGen       total 145920K, used 135777K [0x00000000c0000000, 0x00000000c8e80000, 0x00000000eab00000)
  object space 145920K, 93% used [0x00000000c0000000,0x00000000c8498550,0x00000000c8e80000)
 Metaspace       used 83626K, capacity 86774K, committed 86936K, reserved 1128448K
  class space    used 7715K, capacity 8878K, committed 8960K, reserved 1048576K
}
Event: 5684.697 GC heap after
{Heap after GC invocations=5603 (full 156):
 PSYoungGen      total 9216K, used 5108K [0x00000000eab00000, 0x00000000ec100000, 0x0000000100000000)
  eden space 4096K, 0% used [0x00000000eab00000,0x00000000eab00000,0x00000000eaf00000)
  from space 5120K, 99% used [0x00000000eaf00000,0x00000000eb3fd240,0x00000000eb400000)
  to   space 9216K, 0% used [0x00000000eb800000,0x00000000eb800000,0x00000000ec100000)
 ParOldGen       total 145920K, used 139097K [0x00000000c0000000, 0x00000000c8e80000, 0x00000000eab00000)
  object space 145920K, 95% used [0x00000000c0000000,0x00000000c87d65f8,0x00000000c8e80000)
 Metaspace       used 83626K, capacity 86774K, committed 86936K, reserved 1128448K
  class space    used 7715K, capacity 8878K, committed 8960K, reserved 1048576K
}
Event: 5684.767 GC heap before
{Heap before GC invocations=5604 (full 156):
 PSYoungGen      total 9216K, used 9204K [0x00000000eab00000, 0x00000000ec100000, 0x0000000100000000)
  eden space 4096K, 100% used [0x00000000eab00000,0x00000000eaf00000,0x00000000eaf00000)
  from space 5120K, 99% used [0x00000000eaf00000,0x00000000eb3fd240,0x00000000eb400000)
  to   space 9216K, 0% used [0x00000000eb800000,0x00000000eb800000,0x00000000ec100000)
 ParOldGen       total 145920K, used 139097K [0x00000000c0000000, 0x00000000c8e80000, 0x00000000eab00000)
  object space 145920K, 95% used [0x00000000c0000000,0x00000000c87d65f8,0x00000000c8e80000)
 Metaspace       used 83626K, capacity 86774K, committed 86936K, reserved 1128448K
  class space    used 7715K, capacity 8878K, committed 8960K, reserved 1048576K
}
Event: 5684.779 GC heap after
{Heap after GC invocations=5604 (full 156):
 PSYoungGen      total 12288K, used 7913K [0x00000000eab00000, 0x00000000ec000000, 0x0000000100000000)
  eden space 4096K, 0% used [0x00000000eab00000,0x00000000eab00000,0x00000000eaf00000)
  from space 8192K, 96% used [0x00000000eb800000,0x00000000ebfba690,0x00000000ec000000)
  to   space 8192K, 0% used [0x00000000eb000000,0x00000000eb000000,0x00000000eb800000)
 ParOldGen       total 145920K, used 140377K [0x00000000c0000000, 0x00000000c8e80000, 0x00000000eab00000)
  object space 145920K, 96% used [0x00000000c0000000,0x00000000c89165f8,0x00000000c8e80000)
 Metaspace       used 83626K, capacity 86774K, committed 86936K, reserved 1128448K
  class space    used 7715K, capacity 8878K, committed 8960K, reserved 1048576K
}
Event: 5684.864 GC heap before
{Heap before GC invocations=5605 (full 156):
 PSYoungGen      total 12288K, used 12009K [0x00000000eab00000, 0x00000000ec000000, 0x0000000100000000)
  eden space 4096K, 100% used [0x00000000eab00000,0x00000000eaf00000,0x00000000eaf00000)
  from space 8192K, 96% used [0x00000000eb800000,0x00000000ebfba690,0x00000000ec000000)
  to   space 8192K, 0% used [0x00000000eb000000,0x00000000eb000000,0x00000000eb800000)
 ParOldGen       total 145920K, used 140377K [0x00000000c0000000, 0x00000000c8e80000, 0x00000000eab00000)
  object space 145920K, 96% used [0x00000000c0000000,0x00000000c89165f8,0x00000000c8e80000)
 Metaspace       used 83626K, capacity 86774K, committed 86936K, reserved 1128448K
  class space    used 7715K, capacity 8878K, committed 8960K, reserved 1048576K
}
Event: 5684.874 GC heap after
{Heap after GC invocations=5605 (full 156):
 PSYoungGen      total 12288K, used 8183K [0x00000000eab00000, 0x00000000ec800000, 0x0000000100000000)
  eden space 4096K, 0% used [0x00000000eab00000,0x00000000eab00000,0x00000000eaf00000)
  from space 8192K, 99% used [0x00000000eb000000,0x00000000eb7fdc58,0x00000000eb800000)
  to   space 12800K, 0% used [0x00000000ebb80000,0x00000000ebb80000,0x00000000ec800000)
 ParOldGen       total 145920K, used 144067K [0x00000000c0000000, 0x00000000c8e80000, 0x00000000eab00000)
  object space 145920K, 98% used [0x00000000c0000000,0x00000000c8cb0e08,0x00000000c8e80000)
 Metaspace       used 83626K, capacity 86774K, committed 86936K, reserved 1128448K
  class space    used 7715K, capacity 8878K, committed 8960K, reserved 1048576K
}
Event: 5684.876 GC heap before
{Heap before GC invocations=5606 (full 157):
 PSYoungGen      total 12288K, used 8183K [0x00000000eab00000, 0x00000000ec800000, 0x0000000100000000)
  eden space 4096K, 0% used [0x00000000eab00000,0x00000000eab00000,0x00000000eaf00000)
  from space 8192K, 99% used [0x00000000eb000000,0x00000000eb7fdc58,0x00000000eb800000)
  to   space 12800K, 0% used [0x00000000ebb80000,0x00000000ebb80000,0x00000000ec800000)
 ParOldGen       total 145920K, used 144067K [0x00000000c0000000, 0x00000000c8e80000, 0x00000000eab00000)
  object space 145920K, 98% used [0x00000000c0000000,0x00000000c8cb0e08,0x00000000c8e80000)
 Metaspace       used 83626K, capacity 86774K, committed 86936K, reserved 1128448K
  class space    used 7715K, capacity 8878K, committed 8960K, reserved 1048576K
}

